<?xml version="1.0" encoding="UTF-8"?>
<!-- Generated by org.testng.reporters.JUnitXMLReporter -->
<testsuite ignored="0" hostname="DESKTOP-NLEUQUR" failures="0" tests="3" name="Test" time="2.679" errors="0" timestamp="2024-12-01T19:06:04 EST">
  <testcase classname="assignment4.ApiTest" name="testAllPosts" time="1.891"/>
  <testcase classname="assignment4.ApiTest" name="testGetRequest" time="0.117"/>
  <testcase classname="assignment4.ApiTest" name="testPostRequest" time="0.634"/>
</testsuite> <!-- Test -->
