<?xml version="1.0" encoding="UTF-8"?>
<testng-results ignored="0" total="3" passed="3" failed="0" skipped="0">
  <reporter-output>
  </reporter-output>
  <suite started-at="2024-12-01T19:06:02 EST" name="Test Suite" finished-at="2024-12-01T19:06:04 EST" duration-ms="2679">
    <groups>
    </groups>
    <test started-at="2024-12-01T19:06:02 EST" name="Test" finished-at="2024-12-01T19:06:04 EST" duration-ms="2679">
      <class name="assignment4.ApiTest">
        <test-method signature="testAllPosts()[pri:0, instance:assignment4.ApiTest@7334aada]" started-at="2024-12-01T19:06:02 EST" name="testAllPosts" finished-at="2024-12-01T19:06:04 EST" duration-ms="1891" status="PASS">
          <reporter-output>
          </reporter-output>
        </test-method> <!-- testAllPosts -->
        <test-method signature="testGetRequest()[pri:0, instance:assignment4.ApiTest@7334aada]" started-at="2024-12-01T19:06:04 EST" name="testGetRequest" finished-at="2024-12-01T19:06:04 EST" duration-ms="117" status="PASS">
          <reporter-output>
          </reporter-output>
        </test-method> <!-- testGetRequest -->
        <test-method signature="testPostRequest()[pri:0, instance:assignment4.ApiTest@7334aada]" started-at="2024-12-01T19:06:04 EST" name="testPostRequest" finished-at="2024-12-01T19:06:04 EST" duration-ms="634" status="PASS">
          <reporter-output>
          </reporter-output>
        </test-method> <!-- testPostRequest -->
      </class> <!-- assignment4.ApiTest -->
    </test> <!-- Test -->
  </suite> <!-- Test Suite -->
</testng-results>
