<?xml version="1.0" encoding="UTF-8"?>
<!-- Generated by org.testng.reporters.JUnitXMLReporter -->
<testsuite ignored="0" hostname="DESKTOP-NLEUQUR" failures="0" tests="3" name="Default test" time="2.927" errors="0" timestamp="2024-12-01T18:50:55 EST">
  <testcase classname="assignment4.ApiTest" name="testAllPosts" time="2.099"/>
  <testcase classname="assignment4.ApiTest" name="testGetRequest" time="0.147"/>
  <testcase classname="assignment4.ApiTest" name="testPostRequest" time="0.643"/>
</testsuite> <!-- Default test -->
